<?xml version="1.0" encoding="UTF-8"?>
<!-- Generated by org.testng.reporters.JUnitXMLReporter -->
<testsuite ignored="5" hostname="DESKTOP-SO5G69R" failures="0" tests="11" name="Test" time="21.353" errors="0" timestamp="2022-11-24T18:07:50 EST">
  <testcase classname="GetBooking" name="JSONSchemaValidation" time="8.319"/>
  <testcase classname="GetBooking" name="ValidStatusCode" time="0.129"/>
  <testcase classname="GetBooking" name="ValidStatusCodeWithPage" time="0.07"/>
  <testcase classname="GetBooking" name="ValidStatusCode_page_number" time="2.795"/>
  <testcase classname="GetBooking" name="getBookingIDs" time="0.542"/>
  <testcase classname="CreateBooking" name="createNewBooking" time="1.263"/>
  <testcase classname="CreateBooking" name="createNewBooking" time="0.335"/>
  <testcase classname="UpdateBooking" name="updateBooking" time="0.285"/>
  <testcase classname="PartialUpdateBooking" name="updateBooking" time="0.213"/>
  <testcase classname="PartialUpdateBooking" name="updateExistingBooking" time="0.06"/>
  <testcase classname="DeleteBooking" name="getBookingIDs" time="0.43"/>
  <testcase classname="DeleteBooking" name="getExistingBookingIDs" time="0.0">
    <ignored/>
  </testcase> <!-- getExistingBookingIDs -->
  <testcase classname="utility.BaseTest" name="@BeforeSuite setBaseURI" time="0.0">
    <ignored/>
  </testcase> <!-- @BeforeSuite setBaseURI -->
  <testcase classname="utility.BaseTest" name="@BeforeSuite setBaseURI" time="0.0">
    <ignored/>
  </testcase> <!-- @BeforeSuite setBaseURI -->
  <testcase classname="utility.BaseTest" name="@BeforeSuite setBaseURI" time="0.0">
    <ignored/>
  </testcase> <!-- @BeforeSuite setBaseURI -->
  <testcase classname="utility.BaseTest" name="@BeforeSuite setBaseURI" time="0.0">
    <ignored/>
  </testcase> <!-- @BeforeSuite setBaseURI -->
</testsuite> <!-- Test -->
