<?xml version="1.0" encoding="UTF-8"?>
<testng-results ignored="5" total="16" passed="11" failed="0" skipped="0">
  <reporter-output>
  </reporter-output>
  <suite started-at="2022-11-24T18:07:29 EST" name="Suite" finished-at="2022-11-24T18:07:50 EST" duration-ms="21353">
    <groups>
    </groups>
    <test started-at="2022-11-24T18:07:29 EST" name="Test" finished-at="2022-11-24T18:07:50 EST" duration-ms="21353">
      <class name="PartialUpdateBooking">
        <test-method is-config="true" signature="beforeMethod()[pri:0, instance:PartialUpdateBooking@56bc3fac]" started-at="2022-11-24T18:07:49 EST" name="beforeMethod" finished-at="2022-11-24T18:07:49 EST" duration-ms="0" status="PASS">
          <reporter-output>
          </reporter-output>
        </test-method> <!-- beforeMethod -->
        <test-method signature="updateBooking()[pri:0, instance:PartialUpdateBooking@56bc3fac]" started-at="2022-11-24T18:07:49 EST" name="updateBooking" description="To update the details of the booking IDs" finished-at="2022-11-24T18:07:49 EST" duration-ms="213" status="PASS">
          <reporter-output>
          </reporter-output>
        </test-method> <!-- updateBooking -->
        <test-method is-config="true" signature="beforeMethod()[pri:0, instance:PartialUpdateBooking@56bc3fac]" started-at="2022-11-24T18:07:49 EST" name="beforeMethod" finished-at="2022-11-24T18:07:49 EST" duration-ms="2" status="PASS">
          <reporter-output>
          </reporter-output>
        </test-method> <!-- beforeMethod -->
        <test-method signature="updateExistingBooking()[pri:0, instance:PartialUpdateBooking@56bc3fac]" started-at="2022-11-24T18:07:49 EST" name="updateExistingBooking" description="To update the details of the booking IDs" finished-at="2022-11-24T18:07:49 EST" duration-ms="60" status="PASS">
          <reporter-output>
          </reporter-output>
        </test-method> <!-- updateExistingBooking -->
      </class> <!-- PartialUpdateBooking -->
      <class name="GetBooking">
        <test-method is-config="true" signature="setBaseURI()[pri:0, instance:GetBooking@ceb4bd2]" started-at="2022-11-24T18:07:24 EST" name="setBaseURI" finished-at="2022-11-24T18:07:29 EST" duration-ms="4823" status="PASS">
          <reporter-output>
          </reporter-output>
        </test-method> <!-- setBaseURI -->
        <test-method is-config="true" signature="beforeMethod()[pri:0, instance:GetBooking@ceb4bd2]" started-at="2022-11-24T18:07:29 EST" name="beforeMethod" finished-at="2022-11-24T18:07:29 EST" duration-ms="181" status="PASS">
          <reporter-output>
          </reporter-output>
        </test-method> <!-- beforeMethod -->
        <test-method signature="JSONSchemaValidation()[pri:0, instance:GetBooking@ceb4bd2]" started-at="2022-11-24T18:07:29 EST" name="JSONSchemaValidation" finished-at="2022-11-24T18:07:38 EST" duration-ms="8319" status="PASS">
          <reporter-output>
          </reporter-output>
        </test-method> <!-- JSONSchemaValidation -->
        <test-method is-config="true" signature="beforeMethod()[pri:0, instance:GetBooking@ceb4bd2]" started-at="2022-11-24T18:07:38 EST" name="beforeMethod" finished-at="2022-11-24T18:07:38 EST" duration-ms="2" status="PASS">
          <reporter-output>
          </reporter-output>
        </test-method> <!-- beforeMethod -->
        <test-method signature="ValidStatusCode()[pri:0, instance:GetBooking@ceb4bd2]" started-at="2022-11-24T18:07:38 EST" name="ValidStatusCode" finished-at="2022-11-24T18:07:38 EST" duration-ms="129" status="PASS">
          <reporter-output>
          </reporter-output>
        </test-method> <!-- ValidStatusCode -->
        <test-method is-config="true" signature="beforeMethod()[pri:0, instance:GetBooking@ceb4bd2]" started-at="2022-11-24T18:07:38 EST" name="beforeMethod" finished-at="2022-11-24T18:07:38 EST" duration-ms="2" status="PASS">
          <reporter-output>
          </reporter-output>
        </test-method> <!-- beforeMethod -->
        <test-method signature="ValidStatusCodeWithPage()[pri:0, instance:GetBooking@ceb4bd2]" started-at="2022-11-24T18:07:38 EST" name="ValidStatusCodeWithPage" finished-at="2022-11-24T18:07:38 EST" duration-ms="70" status="PASS">
          <reporter-output>
          </reporter-output>
        </test-method> <!-- ValidStatusCodeWithPage -->
        <test-method is-config="true" signature="beforeMethod()[pri:0, instance:GetBooking@ceb4bd2]" started-at="2022-11-24T18:07:38 EST" name="beforeMethod" finished-at="2022-11-24T18:07:38 EST" duration-ms="1" status="PASS">
          <reporter-output>
          </reporter-output>
        </test-method> <!-- beforeMethod -->
        <test-method signature="ValidStatusCode_page_number()[pri:0, instance:GetBooking@ceb4bd2]" started-at="2022-11-24T18:07:38 EST" name="ValidStatusCode_page_number" finished-at="2022-11-24T18:07:41 EST" duration-ms="2795" status="PASS">
          <reporter-output>
          </reporter-output>
        </test-method> <!-- ValidStatusCode_page_number -->
        <test-method is-config="true" signature="beforeMethod()[pri:0, instance:GetBooking@ceb4bd2]" started-at="2022-11-24T18:07:46 EST" name="beforeMethod" finished-at="2022-11-24T18:07:46 EST" duration-ms="1" status="PASS">
          <reporter-output>
          </reporter-output>
        </test-method> <!-- beforeMethod -->
        <test-method signature="getBookingIDs(java.lang.String, java.lang.String, java.lang.String, java.lang.String)[pri:0, instance:GetBooking@ceb4bd2]" started-at="2022-11-24T18:07:46 EST" name="getBookingIDs" description="To retrieve the details of the booking IDs" data-provider="DataFromExcel" finished-at="2022-11-24T18:07:46 EST" duration-ms="542" status="PASS">
          <params>
            <param index="0">
              <value>
                <![CDATA[Jimmy]]>
              </value>
            </param>
            <param index="1">
              <value>
                <![CDATA[Browny]]>
              </value>
            </param>
            <param index="2">
              <value>
                <![CDATA[2022-11-14T00:20:56.4410479]]>
              </value>
            </param>
            <param index="3">
              <value is-null="true"/>
            </param>
          </params>
          <reporter-output>
          </reporter-output>
        </test-method> <!-- getBookingIDs -->
      </class> <!-- GetBooking -->
      <class name="DeleteBooking">
        <test-method is-config="true" signature="beforeMethod()[pri:0, instance:DeleteBooking@df4b72]" started-at="2022-11-24T18:07:49 EST" name="beforeMethod" finished-at="2022-11-24T18:07:49 EST" duration-ms="2" status="PASS">
          <reporter-output>
          </reporter-output>
        </test-method> <!-- beforeMethod -->
        <test-method signature="getBookingIDs()[pri:0, instance:DeleteBooking@df4b72]" started-at="2022-11-24T18:07:49 EST" name="getBookingIDs" description="To delete the details of the booking IDs" finished-at="2022-11-24T18:07:50 EST" duration-ms="430" status="PASS">
          <reporter-output>
          </reporter-output>
        </test-method> <!-- getBookingIDs -->
      </class> <!-- DeleteBooking -->
      <class name="CreateBooking">
        <test-method is-config="true" signature="beforeMethod()[pri:0, instance:CreateBooking@60297f36]" started-at="2022-11-24T18:07:47 EST" name="beforeMethod" finished-at="2022-11-24T18:07:47 EST" duration-ms="1" status="PASS">
          <reporter-output>
          </reporter-output>
        </test-method> <!-- beforeMethod -->
        <test-method signature="createNewBooking(java.lang.String, java.lang.String, java.lang.String, java.lang.String)[pri:0, instance:CreateBooking@60297f36]" started-at="2022-11-24T18:07:47 EST" name="createNewBooking" description="To retrieve the details of the booking IDs" data-provider="DataFromExcel" finished-at="2022-11-24T18:07:48 EST" duration-ms="1263" status="PASS">
          <params>
            <param index="0">
              <value>
                <![CDATA[Jimmy]]>
              </value>
            </param>
            <param index="1">
              <value>
                <![CDATA[Browny]]>
              </value>
            </param>
            <param index="2">
              <value>
                <![CDATA[2022-11-14T00:20:56.4410479]]>
              </value>
            </param>
            <param index="3">
              <value is-null="true"/>
            </param>
          </params>
          <reporter-output>
          </reporter-output>
        </test-method> <!-- createNewBooking -->
        <test-method is-config="true" signature="beforeMethod()[pri:0, instance:CreateBooking@60297f36]" started-at="2022-11-24T18:07:48 EST" name="beforeMethod" finished-at="2022-11-24T18:07:48 EST" duration-ms="1" status="PASS">
          <reporter-output>
          </reporter-output>
        </test-method> <!-- beforeMethod -->
        <test-method signature="createNewBooking(java.lang.String, java.lang.String, java.lang.String, java.lang.String)[pri:0, instance:CreateBooking@60297f36]" started-at="2022-11-24T18:07:48 EST" name="createNewBooking" description="To retrieve the details of the booking IDs" data-provider="DataFromExcel" finished-at="2022-11-24T18:07:49 EST" duration-ms="335" status="PASS">
          <params>
            <param index="0">
              <value>
                <![CDATA[Jame]]>
              </value>
            </param>
            <param index="1">
              <value>
                <![CDATA[Courtney]]>
              </value>
            </param>
            <param index="2">
              <value>
                <![CDATA[2022-11-14T00:20:56.4410479]]>
              </value>
            </param>
            <param index="3">
              <value is-null="true"/>
            </param>
          </params>
          <reporter-output>
          </reporter-output>
        </test-method> <!-- createNewBooking -->
      </class> <!-- CreateBooking -->
      <class name="UpdateBooking">
        <test-method is-config="true" signature="beforeMethod()[pri:0, instance:UpdateBooking@1bf0f6f6]" started-at="2022-11-24T18:07:49 EST" name="beforeMethod" finished-at="2022-11-24T18:07:49 EST" duration-ms="2" status="PASS">
          <reporter-output>
          </reporter-output>
        </test-method> <!-- beforeMethod -->
        <test-method signature="updateBooking()[pri:0, instance:UpdateBooking@1bf0f6f6]" started-at="2022-11-24T18:07:49 EST" name="updateBooking" description="To update the details of the booking IDs" finished-at="2022-11-24T18:07:49 EST" duration-ms="285" status="PASS">
          <reporter-output>
          </reporter-output>
        </test-method> <!-- updateBooking -->
      </class> <!-- UpdateBooking -->
    </test> <!-- Test -->
  </suite> <!-- Suite -->
</testng-results>
