<?xml version="1.0" encoding="UTF-8"?>
<testng-results ignored="0" total="2" passed="2" failed="0" skipped="0">
  <reporter-output>
  </reporter-output>
  <suite started-at="2022-11-28T21:58:54 EST" name="Suite" finished-at="2022-11-28T21:59:01 EST" duration-ms="7453">
    <groups>
    </groups>
    <test started-at="2022-11-28T21:58:54 EST" name="Test" finished-at="2022-11-28T21:59:01 EST" duration-ms="7453">
      <class name="DeleteBooking">
        <test-method is-config="true" signature="setBaseURI()[pri:0, instance:DeleteBooking@5298dead]" started-at="2022-11-28T21:58:50 EST" name="setBaseURI" finished-at="2022-11-28T21:58:54 EST" duration-ms="4007" status="PASS">
          <reporter-output>
          </reporter-output>
        </test-method> <!-- setBaseURI -->
        <test-method is-config="true" signature="beforeMethod()[pri:0, instance:DeleteBooking@5298dead]" started-at="2022-11-28T21:58:54 EST" name="beforeMethod" finished-at="2022-11-28T21:58:54 EST" duration-ms="146" status="PASS">
          <reporter-output>
          </reporter-output>
        </test-method> <!-- beforeMethod -->
        <test-method signature="getBookingIDs()[pri:0, instance:DeleteBooking@5298dead]" started-at="2022-11-28T21:58:54 EST" name="getBookingIDs" description="To delete the details of the booking IDs" finished-at="2022-11-28T21:59:01 EST" duration-ms="6807" status="PASS">
          <reporter-output>
          </reporter-output>
        </test-method> <!-- getBookingIDs -->
        <test-method is-config="true" signature="beforeMethod()[pri:0, instance:DeleteBooking@5298dead]" started-at="2022-11-28T21:59:01 EST" name="beforeMethod" finished-at="2022-11-28T21:59:01 EST" duration-ms="1" status="PASS">
          <reporter-output>
          </reporter-output>
        </test-method> <!-- beforeMethod -->
        <test-method signature="getExistingBookingIDs()[pri:0, instance:DeleteBooking@5298dead]" started-at="2022-11-28T21:59:01 EST" name="getExistingBookingIDs" description="To delete the details of the Exsiting booking IDs" finished-at="2022-11-28T21:59:01 EST" duration-ms="65" status="PASS">
          <reporter-output>
          </reporter-output>
        </test-method> <!-- getExistingBookingIDs -->
      </class> <!-- DeleteBooking -->
    </test> <!-- Test -->
  </suite> <!-- Suite -->
</testng-results>
